[Core]: GemRB Core Initialization...
[Core]: Initializing Video Driver...
[SDL 2 Driver]: Creating display
[SDL 2 Driver]: Creating Main Surface: w=640 h=480 fmt=SDL_PIXELFORMAT_ABGR8888
[Core]: Initializing Search Path...
[ResourceManager/WARNING]: Invalid path given: /home/loki/RetroPie/roms/ports/baldurs1/override (Override)
[ResourceManager/WARNING]: Invalid path given: /home/loki/RetroPie/roms/ports/baldurs1/sounds (Sounds)
[ResourceManager/WARNING]: Invalid path given: /home/loki/RetroPie/roms/ports/baldurs1/scripts (Scripts)
[ResourceManager/WARNING]: Invalid path given: /home/loki/RetroPie/roms/ports/baldurs1/portraits (Portraits)
[ResourceManager/WARNING]: Invalid path given: /home/loki/RetroPie/roms/ports/baldurs1/data (Data)
[ResourceManager/WARNING]: Invalid path given: /home/loki/RetroPie/roms/ports/baldurs1/data/Data (Data)
[ResourceManager/WARNING]: Invalid path given: /home/loki/RetroPie/roms/ports/baldurs1/data (CD1/data)
[ResourceManager/WARNING]: Invalid path given: /home/loki/RetroPie/roms/ports/baldurs1/CD2/data (CD2/data)
[ResourceManager/WARNING]: Invalid path given: /home/loki/RetroPie/roms/ports/baldurs1/data/CD2/data (CD2/data)
[ResourceManager/WARNING]: Invalid path given: /home/loki/RetroPie/roms/ports/baldurs1/CD3/data (CD3/data)
[ResourceManager/WARNING]: Invalid path given: /home/loki/RetroPie/roms/ports/baldurs1/data/CD3/data (CD3/data)
[ResourceManager/WARNING]: Invalid path given: /home/loki/RetroPie/roms/ports/baldurs1/CD4/data (CD4/data)
[ResourceManager/WARNING]: Invalid path given: /home/loki/RetroPie/roms/ports/baldurs1/data/CD4/data (CD4/data)
[ResourceManager/WARNING]: Invalid path given: /home/loki/RetroPie/roms/ports/baldurs1/CD5/data (CD5/data)
[ResourceManager/WARNING]: Invalid path given: /home/loki/RetroPie/roms/ports/baldurs1/data/CD5/data (CD5/data)
[ResourceManager/WARNING]: Invalid path given: /home/loki/RetroPie/roms/ports/baldurs1/CD6/data (CD6/data)
[ResourceManager/WARNING]: Invalid path given: /home/loki/RetroPie/roms/ports/baldurs1/data/CD6/data (CD6/data)
[Core]: Initializing KEY Importer...
[KEYImporter]: Opening /home/loki/RetroPie/roms/ports/baldurs1/chitin.key...
[KEYImporter/ERROR]: Cannot open Chitin.key
[KeyImporter/ERROR]: This means you set the GamePath config variable incorrectly.
[KeyImporter/ERROR]: It must point to the directory that holds a readable Chitin.key
[ResourceManager/WARNING]: Invalid path given: /home/loki/RetroPie/roms/ports/baldurs1/chitin.key (chitin.key)
[Core/FATAL]: Failed to load "chitin.key"
[Main]: Aborting due to fatal error...
